#! /usr/bin/vvp
:ivl_version "11.0 (stable)" "(v11_0)";
:ivl_delay_selection "TYPICAL";
:vpi_time_precision + 0;
:vpi_module "/usr/lib/ivl/system.vpi";
:vpi_module "/usr/lib/ivl/vhdl_sys.vpi";
:vpi_module "/usr/lib/ivl/vhdl_textio.vpi";
:vpi_module "/usr/lib/ivl/v2005_math.vpi";
:vpi_module "/usr/lib/ivl/va_math.vpi";
S_0x5591a18d7250 .scope module, "cla_tb" "cla_tb" 2 3;
 .timescale 0 0;
v0x5591a18f3d80_0 .var "a", 3 0;
v0x5591a18f3e60_0 .var "b", 3 0;
v0x5591a18f3f30_0 .var "cin", 0 0;
v0x5591a18f4030_0 .net "cout", 0 0, L_0x5591a18f6550;  1 drivers
v0x5591a18f4100_0 .net "s", 3 0, L_0x5591a18f61f0;  1 drivers
S_0x5591a18d73e0 .scope module, "uut" "cla" 2 10, 3 1 0, S_0x5591a18d7250;
 .timescale 0 0;
    .port_info 0 /INPUT 4 "a";
    .port_info 1 /INPUT 4 "b";
    .port_info 2 /OUTPUT 4 "s";
    .port_info 3 /INPUT 1 "cin";
    .port_info 4 /OUTPUT 1 "cout";
L_0x5591a18f41a0 .functor AND 1, L_0x5591a18f42a0, L_0x5591a18f43e0, C4<1>, C4<1>;
L_0x5591a18f4520 .functor AND 1, L_0x5591a18f4590, L_0x5591a18f4680, C4<1>, C4<1>;
L_0x5591a18f47a0 .functor AND 1, L_0x5591a18f4810, L_0x5591a18f4900, C4<1>, C4<1>;
L_0x5591a18f49e0 .functor AND 1, L_0x5591a18f4a80, L_0x5591a18f4b20, C4<1>, C4<1>;
L_0x5591a18f4c60 .functor XOR 1, L_0x5591a18f4d00, L_0x5591a18f4df0, C4<0>, C4<0>;
L_0x5591a18f4f40 .functor XOR 1, L_0x5591a18f5020, L_0x5591a18f50c0, C4<0>, C4<0>;
L_0x5591a18f5220 .functor XOR 1, L_0x5591a18f5290, L_0x5591a18f5380, C4<0>, C4<0>;
L_0x5591a18f51b0 .functor XOR 1, L_0x5591a18f5570, L_0x5591a18f5660, C4<0>, C4<0>;
L_0x5591a18f57e0 .functor AND 1, L_0x5591a18f4c60, v0x5591a18f3f30_0, C4<1>, C4<1>;
L_0x5591a18f58f0 .functor OR 1, L_0x5591a18f57e0, L_0x5591a18f41a0, C4<0>, C4<0>;
L_0x5591a18f5a60 .functor AND 1, L_0x5591a18f4f40, L_0x5591a18f4c60, v0x5591a18f3f30_0, C4<1>;
L_0x5591a18f5ad0 .functor AND 1, L_0x5591a18f4f40, L_0x5591a18f41a0, C4<1>, C4<1>;
L_0x5591a18f5bb0 .functor OR 1, L_0x5591a18f4520, L_0x5591a18f5ad0, L_0x5591a18f5a60, C4<0>;
L_0x5591a18f5d10 .functor AND 1, L_0x5591a18f5220, L_0x5591a18f4f40, L_0x5591a18f4c60, v0x5591a18f3f30_0;
L_0x5591a18f5b40 .functor AND 1, L_0x5591a18f5220, L_0x5591a18f4f40, L_0x5591a18f41a0, C4<1>;
L_0x5591a18f5ef0 .functor AND 1, L_0x5591a18f5220, L_0x5591a18f4520, C4<1>, C4<1>;
L_0x5591a18f60b0 .functor OR 1, L_0x5591a18f5d10, L_0x5591a18f5b40, L_0x5591a18f5ef0, L_0x5591a18f47a0;
L_0x5591a18f6180/0/0 .functor AND 1, L_0x5591a18f51b0, L_0x5591a18f5220, L_0x5591a18f4f40, L_0x5591a18f4c60;
L_0x5591a18f6180/0/4 .functor AND 1, v0x5591a18f3f30_0, C4<1>, C4<1>, C4<1>;
L_0x5591a18f6180 .functor AND 1, L_0x5591a18f6180/0/0, L_0x5591a18f6180/0/4, C4<1>, C4<1>;
L_0x5591a18f6290 .functor AND 1, L_0x5591a18f51b0, L_0x5591a18f5220, L_0x5591a18f4f40, L_0x5591a18f41a0;
L_0x5591a18f6300 .functor AND 1, L_0x5591a18f51b0, L_0x5591a18f5220, L_0x5591a18f4520, C4<1>;
L_0x5591a18f64b0 .functor AND 1, L_0x5591a18f51b0, L_0x5591a18f47a0, C4<1>, C4<1>;
L_0x5591a18f6550/0/0 .functor OR 1, L_0x5591a18f6180, L_0x5591a18f6290, L_0x5591a18f6300, L_0x5591a18f64b0;
L_0x5591a18f6550/0/4 .functor OR 1, L_0x5591a18f49e0, C4<0>, C4<0>, C4<0>;
L_0x5591a18f6550 .functor OR 1, L_0x5591a18f6550/0/0, L_0x5591a18f6550/0/4, C4<0>, C4<0>;
L_0x5591a18f67c0 .functor XOR 1, L_0x5591a18f4c60, v0x5591a18f3f30_0, C4<0>, C4<0>;
L_0x5591a18f6830 .functor XOR 1, L_0x5591a18f4f40, L_0x5591a18f58f0, C4<0>, C4<0>;
L_0x5591a18f6ad0 .functor XOR 1, L_0x5591a18f5220, L_0x5591a18f5bb0, C4<0>, C4<0>;
L_0x5591a18f6de0 .functor XOR 1, L_0x5591a18f51b0, L_0x5591a18f60b0, C4<0>, C4<0>;
v0x5591a18c4b70_0 .net *"_ivl_12", 0 0, L_0x5591a18f4810;  1 drivers
v0x5591a18c4720_0 .net *"_ivl_14", 0 0, L_0x5591a18f4900;  1 drivers
v0x5591a18c42f0_0 .net *"_ivl_17", 0 0, L_0x5591a18f4a80;  1 drivers
v0x5591a18f17c0_0 .net *"_ivl_19", 0 0, L_0x5591a18f4b20;  1 drivers
v0x5591a18f18a0_0 .net *"_ivl_2", 0 0, L_0x5591a18f42a0;  1 drivers
v0x5591a18f19d0_0 .net *"_ivl_22", 0 0, L_0x5591a18f4d00;  1 drivers
v0x5591a18f1ab0_0 .net *"_ivl_24", 0 0, L_0x5591a18f4df0;  1 drivers
v0x5591a18f1b90_0 .net *"_ivl_27", 0 0, L_0x5591a18f5020;  1 drivers
v0x5591a18f1c70_0 .net *"_ivl_29", 0 0, L_0x5591a18f50c0;  1 drivers
v0x5591a18f1d50_0 .net *"_ivl_32", 0 0, L_0x5591a18f5290;  1 drivers
v0x5591a18f1e30_0 .net *"_ivl_34", 0 0, L_0x5591a18f5380;  1 drivers
v0x5591a18f1f10_0 .net *"_ivl_37", 0 0, L_0x5591a18f5570;  1 drivers
v0x5591a18f1ff0_0 .net *"_ivl_39", 0 0, L_0x5591a18f5660;  1 drivers
v0x5591a18f20d0_0 .net *"_ivl_4", 0 0, L_0x5591a18f43e0;  1 drivers
v0x5591a18f21b0_0 .net *"_ivl_55", 0 0, L_0x5591a18f67c0;  1 drivers
v0x5591a18f2290_0 .net *"_ivl_58", 0 0, L_0x5591a18f6830;  1 drivers
v0x5591a18f2370_0 .net *"_ivl_61", 0 0, L_0x5591a18f6ad0;  1 drivers
v0x5591a18f2450_0 .net *"_ivl_64", 0 0, L_0x5591a18f6de0;  1 drivers
v0x5591a18f2530_0 .net *"_ivl_7", 0 0, L_0x5591a18f4590;  1 drivers
v0x5591a18f2610_0 .net *"_ivl_9", 0 0, L_0x5591a18f4680;  1 drivers
v0x5591a18f26f0_0 .net "a", 3 0, v0x5591a18f3d80_0;  1 drivers
v0x5591a18f27d0_0 .net "b", 3 0, v0x5591a18f3e60_0;  1 drivers
v0x5591a18f28b0_0 .net "c1", 0 0, L_0x5591a18f58f0;  1 drivers
v0x5591a18f2970_0 .net "c2", 0 0, L_0x5591a18f5bb0;  1 drivers
v0x5591a18f2a30_0 .net "c3", 0 0, L_0x5591a18f60b0;  1 drivers
v0x5591a18f2af0_0 .net "cin", 0 0, v0x5591a18f3f30_0;  1 drivers
v0x5591a18f2bb0_0 .net "cout", 0 0, L_0x5591a18f6550;  alias, 1 drivers
v0x5591a18f2c70_0 .net "g0", 0 0, L_0x5591a18f41a0;  1 drivers
v0x5591a18f2d30_0 .net "g1", 0 0, L_0x5591a18f4520;  1 drivers
v0x5591a18f2df0_0 .net "g2", 0 0, L_0x5591a18f47a0;  1 drivers
v0x5591a18f2eb0_0 .net "g3", 0 0, L_0x5591a18f49e0;  1 drivers
v0x5591a18f2f70_0 .net "p0", 0 0, L_0x5591a18f4c60;  1 drivers
v0x5591a18f3030_0 .net "p0cin", 0 0, L_0x5591a18f57e0;  1 drivers
v0x5591a18f3300_0 .net "p1", 0 0, L_0x5591a18f4f40;  1 drivers
v0x5591a18f33c0_0 .net "p1g0", 0 0, L_0x5591a18f5ad0;  1 drivers
v0x5591a18f3480_0 .net "p1p0cin", 0 0, L_0x5591a18f5a60;  1 drivers
v0x5591a18f3540_0 .net "p2", 0 0, L_0x5591a18f5220;  1 drivers
v0x5591a18f3600_0 .net "p2g1", 0 0, L_0x5591a18f5ef0;  1 drivers
v0x5591a18f36c0_0 .net "p2p1g0", 0 0, L_0x5591a18f5b40;  1 drivers
v0x5591a18f3780_0 .net "p2p1p0cin", 0 0, L_0x5591a18f5d10;  1 drivers
v0x5591a18f3840_0 .net "p3", 0 0, L_0x5591a18f51b0;  1 drivers
v0x5591a18f3900_0 .net "p3g2", 0 0, L_0x5591a18f64b0;  1 drivers
v0x5591a18f39c0_0 .net "p3p2g1", 0 0, L_0x5591a18f6300;  1 drivers
v0x5591a18f3a80_0 .net "p3p2p1g0", 0 0, L_0x5591a18f6290;  1 drivers
v0x5591a18f3b40_0 .net "p3p2p1p0cin", 0 0, L_0x5591a18f6180;  1 drivers
v0x5591a18f3c00_0 .net "s", 3 0, L_0x5591a18f61f0;  alias, 1 drivers
L_0x5591a18f42a0 .part v0x5591a18f3d80_0, 0, 1;
L_0x5591a18f43e0 .part v0x5591a18f3e60_0, 0, 1;
L_0x5591a18f4590 .part v0x5591a18f3d80_0, 1, 1;
L_0x5591a18f4680 .part v0x5591a18f3e60_0, 1, 1;
L_0x5591a18f4810 .part v0x5591a18f3d80_0, 2, 1;
L_0x5591a18f4900 .part v0x5591a18f3e60_0, 2, 1;
L_0x5591a18f4a80 .part v0x5591a18f3d80_0, 3, 1;
L_0x5591a18f4b20 .part v0x5591a18f3e60_0, 3, 1;
L_0x5591a18f4d00 .part v0x5591a18f3d80_0, 0, 1;
L_0x5591a18f4df0 .part v0x5591a18f3e60_0, 0, 1;
L_0x5591a18f5020 .part v0x5591a18f3d80_0, 1, 1;
L_0x5591a18f50c0 .part v0x5591a18f3e60_0, 1, 1;
L_0x5591a18f5290 .part v0x5591a18f3d80_0, 2, 1;
L_0x5591a18f5380 .part v0x5591a18f3e60_0, 2, 1;
L_0x5591a18f5570 .part v0x5591a18f3d80_0, 3, 1;
L_0x5591a18f5660 .part v0x5591a18f3e60_0, 3, 1;
L_0x5591a18f61f0 .concat8 [ 1 1 1 1], L_0x5591a18f67c0, L_0x5591a18f6830, L_0x5591a18f6ad0, L_0x5591a18f6de0;
    .scope S_0x5591a18d7250;
T_0 ;
    %vpi_call 2 19 "$dumpfile", "cla.vcd" {0 0 0};
    %vpi_call 2 20 "$dumpvars", 32'sb00000000000000000000000000000000, S_0x5591a18d7250 {0 0 0};
    %pushi/vec4 0, 0, 4;
    %store/vec4 v0x5591a18f3d80_0, 0, 4;
    %pushi/vec4 0, 0, 4;
    %store/vec4 v0x5591a18f3e60_0, 0, 4;
    %pushi/vec4 0, 0, 1;
    %store/vec4 v0x5591a18f3f30_0, 0, 1;
    %delay 256, 0;
    %vpi_call 2 25 "$finish" {0 0 0};
    %end;
    .thread T_0;
    .scope S_0x5591a18d7250;
T_1 ;
    %delay 1, 0;
    %load/vec4 v0x5591a18f3d80_0;
    %addi 1, 0, 4;
    %store/vec4 v0x5591a18f3d80_0, 0, 4;
    %jmp T_1;
    .thread T_1;
    .scope S_0x5591a18d7250;
T_2 ;
    %delay 16, 0;
    %load/vec4 v0x5591a18f3e60_0;
    %addi 1, 0, 4;
    %store/vec4 v0x5591a18f3e60_0, 0, 4;
    %jmp T_2;
    .thread T_2;
# The file index is used to find the file name in the following table.
:file_names 4;
    "N/A";
    "<interactive>";
    "cla_tb.v";
    "./cla.v";
